<?xml version="1.0" encoding="UTF-8"?>
<!-- Generated by org.testng.reporters.JUnitXMLReporter -->
<testsuite hostname="user-PC" ignored="0" name="todos" tests="1" failures="0" timestamp="24 Jun 2017 10:10:55 GMT" time="2.403" errors="0">
  <testcase name="@BeforeClass beforelogging" time="0.0" classname="org.maven.todomvc.DataDrivenTesting.AddingTodo">
    <failure type="java.lang.IllegalStateException" message="The path to the driver executable must be set by the webdriver.chrome.driver system property; for more information, see https://github.com/SeleniumHQ/selenium/wiki/ChromeDriver. The latest version can be downloaded from http://chromedriver.storage.googleapis.com/index.html">
      <![CDATA[java.lang.IllegalStateException: The path to the driver executable must be set by the webdriver.chrome.driver system property; for more information, see https://github.com/SeleniumHQ/selenium/wiki/ChromeDriver. The latest version can be downloaded from http://chromedriver.storage.googleapis.com/index.html
	at com.google.common.base.Preconditions.checkState(Preconditions.java:738)
	at org.openqa.selenium.remote.service.DriverService.findExecutable(DriverService.java:124)
	at org.openqa.selenium.chrome.ChromeDriverService.access$000(ChromeDriverService.java:32)
	at org.openqa.selenium.chrome.ChromeDriverService$Builder.findDefaultExecutable(ChromeDriverService.java:137)
	at org.openqa.selenium.remote.service.DriverService$Builder.build(DriverService.java:330)
	at org.openqa.selenium.chrome.ChromeDriverService.createDefaultService(ChromeDriverService.java:88)
	at org.openqa.selenium.chrome.ChromeDriver.<init>(ChromeDriver.java:124)
	at org.maven.todomvc.DataDrivenTesting.AddingTodo.beforelogging(AddingTodo.java:26)
	at org.maven.todomvc.DataDrivenTesting.TestRunner.main(TestRunner.java:17)
	at com.intellij.rt.execution.application.AppMain.main(AppMain.java:147)
... Removed 26 stack frames]]>
    </failure>
  </testcase> <!-- @BeforeClass beforelogging -->
  <testcase name="@AfterClass Quit" time="0.0" classname="org.maven.todomvc.DataDrivenTesting.AddingTodo">
    <skipped/>
  </testcase> <!-- @AfterClass Quit -->
  <testcase name="@AfterTest terminateBrowser" time="0.0" classname="org.maven.todomvc.DataDrivenTesting.AddingTodo">
    <skipped/>
  </testcase> <!-- @AfterTest terminateBrowser -->
  <testcase name="ReadExcel" time="0.032" classname="org.maven.todomvc.DataDrivenTesting.AddingTodo">
    <skipped/>
  </testcase> <!-- ReadExcel -->
</testsuite> <!-- todos -->
