<!DOCTYPE html PUBLIC "-//W3C//DTD XHTML 1.1//EN" "http://www.w3.org/TR/xhtml11/DTD/xhtml11.dtd">
<html xmlns="http://www.w3.org/1999/xhtml"><head><title>TestNG Report</title><style type="text/css">table {margin-bottom:10px;border-collapse:collapse;empty-cells:show}th,td {border:1px solid #009;padding:.25em .5em}th {vertical-align:bottom}td {vertical-align:top}table a {font-weight:bold}.stripe td {background-color: #E6EBF9}.num {text-align:right}.passedodd td {background-color: #3F3}.passedeven td {background-color: #0A0}.skippedodd td {background-color: #DDD}.skippedeven td {background-color: #CCC}.failedodd td,.attn {background-color: #F33}.failedeven td,.stripe .attn {background-color: #D00}.stacktrace {white-space:pre;font-family:monospace}.totop {font-size:85%;text-align:center;border-bottom:2px solid #000}</style></head><body><table><tr><th>Test</th><th># Passed</th><th># Skipped</th><th># Failed</th><th>Time (ms)</th><th>Included Groups</th><th>Excluded Groups</th></tr><tr><th colspan="7">ReactToDo</th></tr><tr><td><a href="#t0">todos in Chrome</a></td><td class="num">1</td><td class="num">0</td><td class="num attn">6</td><td class="num">371,974</td><td></td><td></td></tr></table><table><thead><tr><th>Class</th><th>Method</th><th>Start</th><th>Time (ms)</th></tr></thead><tbody><tr><th colspan="4">ReactToDo</th></tr></tbody><tbody id="t0"><tr><th colspan="4">todos in Chrome &#8212; failed</th></tr><tr class="failedeven"><td rowspan="6">org.maven.todomvc.DataDrivenTesting.AddingTodo</td><td><a href="#m0">delete_all_element</a></td><td rowspan="1">1498417794870</td><td rowspan="1">15</td></tr><tr class="failedeven"><td><a href="#m1">deleting_a_todo_element</a></td><td rowspan="1">1498417794870</td><td rowspan="1">0</td></tr><tr class="failedeven"><td><a href="#m2">edit_a_todo_element</a></td><td rowspan="1">1498417794480</td><td rowspan="1">390</td></tr><tr class="failedeven"><td><a href="#m3">filtering_a_todo_element</a></td><td rowspan="1">1498417794870</td><td rowspan="1">0</td></tr><tr class="failedeven"><td><a href="#m4">verifyHomepageTitle</a></td><td rowspan="1">1498417722189</td><td rowspan="1">7348</td></tr><tr class="failedeven"><td><a href="#m5">view_list_todo_element</a></td><td rowspan="1">1498417760955</td><td rowspan="1">33525</td></tr><tr><th colspan="4">todos in Chrome &#8212; passed</th></tr><tr class="passedeven"><td rowspan="1">org.maven.todomvc.DataDrivenTesting.AddingTodo</td><td><a href="#m6">ReadExcel</a></td><td rowspan="1">1498417729974</td><td rowspan="1">30778</td></tr></tbody></table><h2>todos in Chrome</h2><h3 id="m0">org.maven.todomvc.DataDrivenTesting.AddingTodo#delete_all_element</h3><table class="result"><tr><th>Exception</th></tr><tr><td><div class="stacktrace">org.openqa.selenium.NoSuchSessionException: Session ID is null. Using WebDriver after calling quit()?
Build info: version: &apos;3.4.0&apos;, revision: &apos;unknown&apos;, time: &apos;unknown&apos;
System info: host: &apos;USER-PC&apos;, ip: &apos;192.168.43.168&apos;, os.name: &apos;Windows 7&apos;, os.arch: &apos;x86&apos;, os.version: &apos;6.1&apos;, java.version: &apos;1.8.0_91&apos;
Driver info: driver.version: RemoteWebDriver
	at org.openqa.selenium.remote.HttpCommandExecutor.execute(HttpCommandExecutor.java:131)
	at org.openqa.selenium.remote.service.DriverCommandExecutor.execute(DriverCommandExecutor.java:82)
	at org.openqa.selenium.remote.RemoteWebDriver.execute(RemoteWebDriver.java:637)
	at org.openqa.selenium.remote.RemoteWebDriver.findElement(RemoteWebDriver.java:410)
	at org.openqa.selenium.remote.RemoteWebDriver.findElementByXPath(RemoteWebDriver.java:509)
	at org.openqa.selenium.By$ByXPath.findElement(By.java:361)
	at org.openqa.selenium.remote.RemoteWebDriver.findElement(RemoteWebDriver.java:402)
	at org.maven.todomvc.DataDrivenTesting.AddingTodo.delete_all_element(AddingTodo.java:140)
	at org.maven.todomvc.DataDrivenTesting.TestRunner.main(TestRunner.java:17)
	at com.intellij.rt.execution.application.AppMain.main(AppMain.java:147)
... Removed 26 stack frames</div></td></tr></table><p class="totop"><a href="#summary">back to summary</a></p><h3 id="m1">org.maven.todomvc.DataDrivenTesting.AddingTodo#deleting_a_todo_element</h3><table class="result"><tr><th>Exception</th></tr><tr><td><div class="stacktrace">org.openqa.selenium.NoSuchSessionException: Session ID is null. Using WebDriver after calling quit()?
Build info: version: &apos;3.4.0&apos;, revision: &apos;unknown&apos;, time: &apos;unknown&apos;
System info: host: &apos;USER-PC&apos;, ip: &apos;192.168.43.168&apos;, os.name: &apos;Windows 7&apos;, os.arch: &apos;x86&apos;, os.version: &apos;6.1&apos;, java.version: &apos;1.8.0_91&apos;
Driver info: driver.version: RemoteWebDriver
	at org.openqa.selenium.remote.HttpCommandExecutor.execute(HttpCommandExecutor.java:131)
	at org.openqa.selenium.remote.service.DriverCommandExecutor.execute(DriverCommandExecutor.java:82)
	at org.openqa.selenium.remote.RemoteWebDriver.execute(RemoteWebDriver.java:637)
	at org.openqa.selenium.remote.RemoteWebDriver.findElements(RemoteWebDriver.java:437)
	at org.openqa.selenium.remote.RemoteWebDriver.findElementsByXPath(RemoteWebDriver.java:513)
	at org.openqa.selenium.By$ByXPath.findElements(By.java:356)
	at org.openqa.selenium.remote.RemoteWebDriver.findElements(RemoteWebDriver.java:398)
	at org.maven.todomvc.DataDrivenTesting.AddingTodo.deleting_a_todo_element(AddingTodo.java:126)
	at org.maven.todomvc.DataDrivenTesting.TestRunner.main(TestRunner.java:17)
	at com.intellij.rt.execution.application.AppMain.main(AppMain.java:147)
... Removed 26 stack frames</div></td></tr></table><p class="totop"><a href="#summary">back to summary</a></p><h3 id="m2">org.maven.todomvc.DataDrivenTesting.AddingTodo#edit_a_todo_element</h3><table class="result"><tr><th>Exception</th></tr><tr><td><div class="stacktrace">org.openqa.selenium.NoSuchSessionException: Session ID is null. Using WebDriver after calling quit()?
Build info: version: &apos;3.4.0&apos;, revision: &apos;unknown&apos;, time: &apos;unknown&apos;
System info: host: &apos;USER-PC&apos;, ip: &apos;192.168.43.168&apos;, os.name: &apos;Windows 7&apos;, os.arch: &apos;x86&apos;, os.version: &apos;6.1&apos;, java.version: &apos;1.8.0_91&apos;
Driver info: driver.version: RemoteWebDriver
	at org.openqa.selenium.remote.HttpCommandExecutor.execute(HttpCommandExecutor.java:131)
	at org.openqa.selenium.remote.service.DriverCommandExecutor.execute(DriverCommandExecutor.java:82)
	at org.openqa.selenium.remote.RemoteWebDriver.execute(RemoteWebDriver.java:637)
	at org.openqa.selenium.remote.RemoteWebDriver.findElement(RemoteWebDriver.java:410)
	at org.openqa.selenium.remote.RemoteWebDriver.findElementByXPath(RemoteWebDriver.java:509)
	at org.openqa.selenium.By$ByXPath.findElement(By.java:361)
	at org.openqa.selenium.remote.RemoteWebDriver.findElement(RemoteWebDriver.java:402)
	at org.maven.todomvc.DataDrivenTesting.AddingTodo.edit_a_todo_element(AddingTodo.java:107)
	at org.maven.todomvc.DataDrivenTesting.TestRunner.main(TestRunner.java:17)
	at com.intellij.rt.execution.application.AppMain.main(AppMain.java:147)
... Removed 26 stack frames</div></td></tr></table><p class="totop"><a href="#summary">back to summary</a></p><h3 id="m3">org.maven.todomvc.DataDrivenTesting.AddingTodo#filtering_a_todo_element</h3><table class="result"><tr><th>Exception</th></tr><tr><td><div class="stacktrace">org.openqa.selenium.NoSuchSessionException: Session ID is null. Using WebDriver after calling quit()?
Build info: version: &apos;3.4.0&apos;, revision: &apos;unknown&apos;, time: &apos;unknown&apos;
System info: host: &apos;USER-PC&apos;, ip: &apos;192.168.43.168&apos;, os.name: &apos;Windows 7&apos;, os.arch: &apos;x86&apos;, os.version: &apos;6.1&apos;, java.version: &apos;1.8.0_91&apos;
Driver info: driver.version: RemoteWebDriver
	at org.openqa.selenium.remote.HttpCommandExecutor.execute(HttpCommandExecutor.java:131)
	at org.openqa.selenium.remote.service.DriverCommandExecutor.execute(DriverCommandExecutor.java:82)
	at org.openqa.selenium.remote.RemoteWebDriver.execute(RemoteWebDriver.java:637)
	at org.openqa.selenium.remote.RemoteWebDriver.findElement(RemoteWebDriver.java:410)
	at org.openqa.selenium.remote.RemoteWebDriver.findElementByXPath(RemoteWebDriver.java:509)
	at org.openqa.selenium.By$ByXPath.findElement(By.java:361)
	at org.openqa.selenium.remote.RemoteWebDriver.findElement(RemoteWebDriver.java:402)
	at org.maven.todomvc.DataDrivenTesting.AddingTodo.filtering_a_todo_element(AddingTodo.java:118)
	at org.maven.todomvc.DataDrivenTesting.TestRunner.main(TestRunner.java:17)
	at com.intellij.rt.execution.application.AppMain.main(AppMain.java:147)
... Removed 26 stack frames</div></td></tr></table><p class="totop"><a href="#summary">back to summary</a></p><h3 id="m4">org.maven.todomvc.DataDrivenTesting.AddingTodo#verifyHomepageTitle</h3><table class="result"><tr><th>Exception</th></tr><tr><td><div class="stacktrace">java.lang.AssertionError: expected [true] but found [false]
	at org.maven.todomvc.DataDrivenTesting.AddingTodo.verifyHomepageTitle(AddingTodo.java:56)
	at org.maven.todomvc.DataDrivenTesting.TestRunner.main(TestRunner.java:17)
	at com.intellij.rt.execution.application.AppMain.main(AppMain.java:147)
... Removed 30 stack frames</div></td></tr></table><p class="totop"><a href="#summary">back to summary</a></p><h3 id="m5">org.maven.todomvc.DataDrivenTesting.AddingTodo#view_list_todo_element</h3><table class="result"><tr><th>Exception</th></tr><tr><td><div class="stacktrace">org.openqa.selenium.NoSuchSessionException: Session ID is null. Using WebDriver after calling quit()?
Build info: version: &apos;3.4.0&apos;, revision: &apos;unknown&apos;, time: &apos;unknown&apos;
System info: host: &apos;USER-PC&apos;, ip: &apos;192.168.43.168&apos;, os.name: &apos;Windows 7&apos;, os.arch: &apos;x86&apos;, os.version: &apos;6.1&apos;, java.version: &apos;1.8.0_91&apos;
Driver info: driver.version: RemoteWebDriver
	at org.openqa.selenium.remote.HttpCommandExecutor.execute(HttpCommandExecutor.java:131)
	at org.openqa.selenium.remote.service.DriverCommandExecutor.execute(DriverCommandExecutor.java:82)
	at org.openqa.selenium.remote.RemoteWebDriver.execute(RemoteWebDriver.java:637)
	at org.openqa.selenium.remote.RemoteWebDriver.findElements(RemoteWebDriver.java:437)
	at org.openqa.selenium.remote.RemoteWebDriver.findElementsByXPath(RemoteWebDriver.java:513)
	at org.openqa.selenium.By$ByXPath.findElements(By.java:356)
	at org.openqa.selenium.remote.RemoteWebDriver.findElements(RemoteWebDriver.java:398)
	at org.maven.todomvc.DataDrivenTesting.AddingTodo.view_list_todo_element(AddingTodo.java:91)
	at org.maven.todomvc.DataDrivenTesting.TestRunner.main(TestRunner.java:17)
	at com.intellij.rt.execution.application.AppMain.main(AppMain.java:147)
... Removed 26 stack frames</div></td></tr></table><p class="totop"><a href="#summary">back to summary</a></p><h3 id="m6">org.maven.todomvc.DataDrivenTesting.AddingTodo#ReadExcel</h3><table class="result"></table><p class="totop"><a href="#summary">back to summary</a></p></body></html>